<?xml version="1.0" encoding="UTF-8"?>
<!-- Generated by org.testng.reporters.JUnitXMLReporter -->
<testsuite ignored="4" hostname="LAPTOP-EEVM9706" failures="1" tests="11" name="Test" time="122.961" errors="0" timestamp="2025-02-27T14:25:06 IST">
  <testcase classname="test_scripts.Adminusers_Test" name="verifyWhethertheSaveButtonisDisplayed" time="1.683"/>
  <testcase classname="test_scripts.Adminusers_Test" name="verifywhethertheUserisableviewtheAdminUsersList" time="4.141"/>
  <testcase classname="test_scripts.Contact_Test" name="checkwhethertheUpdateButtonisEnabled" time="4.028"/>
  <testcase classname="test_scripts.Contact_Test" name="verifyTheUserIsabletoUpdatetheCurrentDetails" time="0.8">
    <failure type="java.lang.NullPointerException" message="Cannot invoke &amp;quot;org.apache.poi.xssf.usermodel.XSSFSheet.getRow(int)&amp;quot; because &amp;quot;utilities.Excel_Utility.sh&amp;quot; is null">
      <![CDATA[java.lang.NullPointerException: Cannot invoke "org.apache.poi.xssf.usermodel.XSSFSheet.getRow(int)" because "utilities.Excel_Utility.sh" is null
at utilities.Excel_Utility.getIntegerData(Excel_Utility.java:35)
at test_scripts.Contact_Test.verifyTheUserIsabletoUpdatetheCurrentDetails(Contact_Test.java:20)
at java.base/java.util.ArrayList.forEach(ArrayList.java:1511)
... Removed 27 stack frames]]>
    </failure>
  </testcase> <!-- verifyTheUserIsabletoUpdatetheCurrentDetails -->
  <testcase classname="test_scripts.Footer_Test" name="checkwhethertheUpdateButtonisEnabled" time="4.385"/>
  <testcase classname="test_scripts.Footer_Test" name="verifyTheUserIsabletoUpdatetheCurrentDetails" time="6.08"/>
  <testcase classname="test_scripts.LogOut_Test" name="verifywhethertheUserisabletoLogOut" time="5.225"/>
  <testcase classname="test_scripts.Product_Test" name="verifywhethertheUserisabletoDeletetheProducts" time="4.138"/>
  <testcase classname="test_scripts.Subcategory_Test" name="verifyTheUserIsabletoAddDetailsWithImage" time="7.761"/>
  <testcase classname="test_scripts.ManageNews_Test" name="verifyTheUserIsabletoLoginSuccessfully" time="11.988"/>
  <testcase classname="test_scripts.Login_Test" name="verifyTheUserIsabletoLoginusingvalidcredentials" time="4.395"/>
  <testcase classname="test_scripts.Login_Test" name="verifyTheUserisabletoLoginusingInvaliduserandInvalidpassword" time="0.0">
    <ignored/>
  </testcase> <!-- verifyTheUserisabletoLoginusingInvaliduserandInvalidpassword -->
  <testcase classname="test_scripts.Login_Test" name="verifyTheUserisabletoLoginusingInvalidCredentials" time="0.0">
    <ignored/>
  </testcase> <!-- verifyTheUserisabletoLoginusingInvalidCredentials -->
  <testcase classname="test_scripts.Login_Test" name="verifyTheUserisabletoLoginusingInvalidUsername" time="0.0">
    <ignored/>
  </testcase> <!-- verifyTheUserisabletoLoginusingInvalidUsername -->
  <testcase classname="test_scripts.Login_Test" name="verifyTheUserisabletoLoginUsinginvalidPassword" time="0.0">
    <ignored/>
  </testcase> <!-- verifyTheUserisabletoLoginUsinginvalidPassword -->
</testsuite> <!-- Test -->
